<?xml version="1.0" encoding="UTF-8"?>
<!-- Generated by org.testng.reporters.JUnitXMLReporter -->
<testsuite hostname="IND-PF0XJQYL-LT" ignored="0" name="MakeMyTripChallenge" tests="2" failures="1" timestamp="2019-04-25T20:43:01 IST" time="39.838" errors="0">
  <testcase name="verifyTitle" time="0.624" classname="com.mmt.tests.HomePageTests"/>
  <testcase name="searchFlights" time="24.242" classname="com.mmt.tests.HomePageTests">
    <failure type="org.openqa.selenium.NoSuchElementException" message="Cannot locate an element using xpath=//div[@id=&amp;apos;ow_domrt-jrny&amp;apos;] | //div[@class=&amp;apos;col-xs-6 left_pannel&amp;apos;]
For documentation on this error, please visit: https://www.seleniumhq.org/exceptions/no_such_element.html
Build info: version: &amp;apos;3.141.59&amp;apos;, revision: &amp;apos;e82be7d358&amp;apos;, time: &amp;apos;2018-11-14T08:17:03&amp;apos;
System info: host: &amp;apos;IND-PF0XJQYL-LT&amp;apos;, ip: &amp;apos;192.168.1.136&amp;apos;, os.name: &amp;apos;Windows 8.1&amp;apos;, os.arch: &amp;apos;x86&amp;apos;, os.version: &amp;apos;6.3&amp;apos;, java.version: &amp;apos;1.8.0_31&amp;apos;
Driver info: driver.version: RemoteWebDriver">
      <![CDATA[org.openqa.selenium.NoSuchElementException: Cannot locate an element using xpath=//div[@id='ow_domrt-jrny'] | //div[@class='col-xs-6 left_pannel']
For documentation on this error, please visit: https://www.seleniumhq.org/exceptions/no_such_element.html
Build info: version: '3.141.59', revision: 'e82be7d358', time: '2018-11-14T08:17:03'
System info: host: 'IND-PF0XJQYL-LT', ip: '192.168.1.136', os.name: 'Windows 8.1', os.arch: 'x86', os.version: '6.3', java.version: '1.8.0_31'
Driver info: driver.version: RemoteWebDriver
at org.openqa.selenium.remote.RemoteWebDriver.findElement(RemoteWebDriver.java:327)
at org.openqa.selenium.remote.RemoteWebDriver.findElementByXPath(RemoteWebDriver.java:428)
at org.openqa.selenium.By$ByXPath.findElement(By.java:353)
at org.openqa.selenium.remote.RemoteWebDriver.findElement(RemoteWebDriver.java:315)
at org.openqa.selenium.support.pagefactory.DefaultElementLocator.findElement(DefaultElementLocator.java:69)
at org.openqa.selenium.support.pagefactory.internal.LocatingElementHandler.invoke(LocatingElementHandler.java:38)
at com.sun.proxy.$Proxy25.isDisplayed(Unknown Source)
at com.mmt.pages.SearchPage.isAt(SearchPage.java:110)
at com.mmt.base.ActionsClass.performSearch(ActionsClass.java:44)
at com.mmt.tests.HomePageTests.searchFlights(HomePageTests.java:46)
... Removed 24 stack frames]]>
    </failure>
  </testcase> <!-- searchFlights -->
</testsuite> <!-- MakeMyTripChallenge -->
