<?xml version="1.0" encoding="UTF-8"?>
<!-- Generated by org.testng.reporters.JUnitXMLReporter -->
<testsuite hostname="IND-PF0XJQYL-LT" ignored="1" name="MakeMyTripChallenge" tests="1" failures="0" timestamp="2019-04-25T17:24:24 IST" time="13.446" errors="0">
  <testcase name="verifyTitle" time="0.03" classname="com.mmt.tests.HomePageTests"/>
  <testcase name="searchFlights" time="0.0" classname="com.mmt.tests.HomePageTests">
    <ignored/>
  </testcase> <!-- searchFlights -->
</testsuite> <!-- MakeMyTripChallenge -->
