<?xml version="1.0" encoding="UTF-8"?>
<!-- Generated by org.testng.reporters.JUnitXMLReporter -->
<testsuite hostname="IND-PF0XJQYL-LT" ignored="0" name="MakeMyTripChallenge2" tests="3" failures="0" timestamp="2019-04-25T17:36:18 IST" time="618.337" errors="0">
  <testcase name="verifyTotalAmount" time="196.942" classname="com.mmt.tests.SearchPageTestsRandom"/>
  <testcase name="verifyTotalAmount" time="189.286" classname="com.mmt.tests.SearchPageTestsRandom"/>
  <testcase name="verifyTotalAmount" time="195.087" classname="com.mmt.tests.SearchPageTestsRandom"/>
</testsuite> <!-- MakeMyTripChallenge2 -->
